<?xml version="1.0" encoding="UTF-8"?>
<!-- Generated by org.testng.reporters.JUnitReportReporter -->
<testsuite hostname="anubhav" failures="0" tests="2" name="framework.com.Banking" time="0.051" errors="0" timestamp="2022-11-03T14:47:17 IST" skipped="0">
  <testcase classname="framework.com.Banking" name="createCustomer" time="0.021"/>
  <system-out>
    <![CDATA[createCustomer]]>
  </system-out>
  <testcase classname="framework.com.Banking" name="deleteCustomer" time="0.030"/>
  <system-out>
    <![CDATA[deleteCustomer]]>
  </system-out>
</testsuite> <!-- framework.com.Banking -->
