<?xml version="1.0" encoding="UTF-8"?>
<!-- Generated by org.testng.reporters.JUnitReportReporter -->
<testsuite hostname="anubhav" failures="0" tests="1" name="framework.com.Test1" time="0.019" errors="0" timestamp="2022-11-03T13:36:21 IST" skipped="0">
  <testcase classname="framework.com.Test1" name="first" time="0.019"/>
  <system-out/>
</testsuite> <!-- framework.com.Test1 -->
