<?xml version="1.0" encoding="UTF-8"?>
<!-- Generated by org.testng.reporters.JUnitReportReporter -->
<testsuite hostname="anubhav" failures="0" tests="2" name="framework.com.Test3" time="0.008" errors="0" timestamp="2022-11-03T09:51:37 IST" skipped="0">
  <testcase classname="framework.com.Test3" name="first1" time="0.005"/>
  <system-out/>
  <testcase classname="framework.com.Test3" name="first" time="0.003"/>
  <system-out/>
</testsuite> <!-- framework.com.Test3 -->
